Last login: Tue Sep 25 21:27:12 on ttys000
d-172-25-249-114:~ AmberLiu$ ls
Applications		Downloads		Public
Box			GitHub			eclipse
CS2150			Library			pdr
Creative Cloud Files	Movies			skyview
Desktop			Music			wekafiles
Documents		Pictures
d-172-25-249-114:~ AmberLiu$ cd CS2150
d-172-25-249-114:CS2150 AmberLiu$ ls
a.out	lab1	lab2	lab3	lab4
d-172-25-249-114:CS2150 AmberLiu$ cd lab4
d-172-25-249-114:lab4 AmberLiu$ ls
a.out			lab4			radixWorksheet.pdf
bitCounter.cpp		lab4.dSYM
inlab4.cpp		prelab4.cpp
d-172-25-249-114:lab4 AmberLiu$ clang++ prelab4.cpp
d-172-25-249-114:lab4 AmberLiu$ ./a.out
Abort trap: 6
d-172-25-249-114:lab4 AmberLiu$ /s
-bash: /s: No such file or directory
d-172-25-249-114:lab4 AmberLiu$ cd lab4
-bash: cd: lab4: Not a directory
d-172-25-249-114:lab4 AmberLiu$ ls
a.out			lab4			radixWorksheet.pdf
bitCounter.cpp		lab4.dSYM
inlab4.cpp		prelab4.cpp
d-172-25-249-114:lab4 AmberLiu$ lldb inlab4.cpp
(lldb) target create "inlab4.cpp"
error: '/Users/AmberLiu/CS2150/lab4/inlab4.cpp' doesn't contain any 'host' platform architectures: x86_64h, x86_64, i386
(lldb) lldb lab4
error: 'lldb' is not a valid command.
error: Unrecognized command 'lldb'.
(lldb) exit
d-172-25-249-114:lab4 AmberLiu$ lldb lab4
(lldb) target create "lab4"
Current executable set to 'lab4' (x86_64).
(lldb) b 18
Breakpoint 1: where = lab4`main + 88 at inlab4.cpp:18, address = 0x0000000100000ba8
(lldb) rub
error: 'rub' is not a valid command.
error: Unrecognized command 'rub'.
(lldb) run
Process 36922 launched: '/Users/AmberLiu/CS2150/lab4/lab4' (x86_64)
Process 36922 stopped
* thread #1: tid = 0x1eea74, 0x0000000100000ba8 lab4`main + 88 at inlab4.cpp:18, queue = 'com.apple.main-thread', stop reason = breakpoint 1.1
    frame #0: 0x0000000100000ba8 lab4`main + 88 at inlab4.cpp:18
   15  		double b = 0.0;
   16  		char c = 'a';
   17  		bool d = false;
-> 18  		unsigned int e = 0;
   19  		float f = 2;
   20  	
   21  		 int* g = NULL;
(lldb) p *e
error: indirection requires pointer operand ('unsigned int' invalid)
(lldb) p e
(unsigned int) $0 = 0
(lldb) x/x e
error: memory read failed for 0x0
(lldb) x/x *e
error: invalid start address expression.
error: address expression "*e" evaluation failed
(lldb) x/x c
error: memory read failed for 0x0
(lldb) x/x &c
0x7fff5fbff98f: 0x00000061
(lldb) exit
Quitting LLDB will kill one or more processes. Do you really want to proceed: [Y/n] y
d-172-25-249-114:lab4 AmberLiu$ clang++ prelab4.cpp
prelab4.cpp:59:6: error: non-ASCII characters are not allowed outside of
      literals and identifiers
        int ∗p = &n;
            ^
prelab4.cpp:59:9: error: cannot initialize a variable of type 'int' with an
      rvalue of type 'int *'
        int ∗p = &n;
             ^   ~~
prelab4.cpp:60:2: error: non-ASCII characters are not allowed outside of
      literals and identifiers
        ∗p = 5;
        ^
prelab4.cpp:61:8: error: expected ';' after expression
        n += 1
              ^
              ;
prelab4.cpp:62:15: error: reference to overloaded function could not be
      resolved; did you mean to call it?
        cout << n << end ;
                     ^~~
/Library/Developer/CommandLineTools/usr/bin/../include/c++/v1/iterator:1418:1: note: 
      possible target for call
end(_Tp (&__array)[_Np])
^
/Library/Developer/CommandLineTools/usr/bin/../include/c++/v1/iterator:1567:1: note: 
      possible target for call
end(_Cp& __c)
^
/Library/Developer/CommandLineTools/usr/bin/../include/c++/v1/iterator:1575:1: note: 
      possible target for call
end(const _Cp& __c)
^
/Library/Developer/CommandLineTools/usr/bin/../include/c++/v1/ostream:207:20: note: 
      candidate function not viable: no overload of 'end' matching
      'const void *' for 1st argument
    basic_ostream& operator<<(const void* __p);
                   ^
/Library/Developer/CommandLineTools/usr/bin/../include/c++/v1/ostream:191:20: note: 
      candidate function not viable: no overload of 'end' matching
      'std::__1::basic_ostream<char> &(*)(std::__1::basic_ostream<char> &)' for
      1st argument
    basic_ostream& operator<<(basic_ostream& (*__pf)(basic_ostream&));
                   ^
/Library/Developer/CommandLineTools/usr/bin/../include/c++/v1/ostream:192:20: note: 
      candidate function not viable: no overload of 'end' matching
      'basic_ios<char_type, traits_type> &(*)(basic_ios<char_type, traits_type>
      &)' (aka 'basic_ios<char, std::__1::char_traits<char> >
      &(*)(basic_ios<char, std::__1::char_traits<char> > &)') for 1st argument
    basic_ostream& operator<<(basic_ios<char_type, traits_type>&
                   ^
/Library/Developer/CommandLineTools/usr/bin/../include/c++/v1/ostream:194:20: note: 
      candidate function not viable: no overload of 'end' matching
      'std::__1::ios_base &(*)(std::__1::ios_base &)' for 1st argument
    basic_ostream& operator<<(ios_base& (*__pf)(ios_base&));
                   ^
/Library/Developer/CommandLineTools/usr/bin/../include/c++/v1/ostream:195:20: note: 
      candidate function not viable: no overload of 'end' matching 'bool' for
      1st argument
    basic_ostream& operator<<(bool __n);
                   ^
/Library/Developer/CommandLineTools/usr/bin/../include/c++/v1/ostream:196:20: note: 
      candidate function not viable: no overload of 'end' matching 'short' for
      1st argument
    basic_ostream& operator<<(short __n);
                   ^
/Library/Developer/CommandLineTools/usr/bin/../include/c++/v1/ostream:197:20: note: 
      candidate function not viable: no overload of 'end' matching
      'unsigned short' for 1st argument
    basic_ostream& operator<<(unsigned short __n);
                   ^
/Library/Developer/CommandLineTools/usr/bin/../include/c++/v1/ostream:198:20: note: 
      candidate function not viable: no overload of 'end' matching 'int' for 1st
      argument
    basic_ostream& operator<<(int __n);
                   ^
/Library/Developer/CommandLineTools/usr/bin/../include/c++/v1/ostream:199:20: note: 
      candidate function not viable: no overload of 'end' matching
      'unsigned int' for 1st argument
    basic_ostream& operator<<(unsigned int __n);
                   ^
/Library/Developer/CommandLineTools/usr/bin/../include/c++/v1/ostream:200:20: note: 
      candidate function not viable: no overload of 'end' matching 'long' for
      1st argument
    basic_ostream& operator<<(long __n);
                   ^
/Library/Developer/CommandLineTools/usr/bin/../include/c++/v1/ostream:201:20: note: 
      candidate function not viable: no overload of 'end' matching
      'unsigned long' for 1st argument
    basic_ostream& operator<<(unsigned long __n);
                   ^
/Library/Developer/CommandLineTools/usr/bin/../include/c++/v1/ostream:202:20: note: 
      candidate function not viable: no overload of 'end' matching 'long long'
      for 1st argument
    basic_ostream& operator<<(long long __n);
                   ^
/Library/Developer/CommandLineTools/usr/bin/../include/c++/v1/ostream:203:20: note: 
      candidate function not viable: no overload of 'end' matching
      'unsigned long long' for 1st argument
    basic_ostream& operator<<(unsigned long long __n);
                   ^
/Library/Developer/CommandLineTools/usr/bin/../include/c++/v1/ostream:204:20: note: 
      candidate function not viable: no overload of 'end' matching 'float' for
      1st argument
    basic_ostream& operator<<(float __f);
                   ^
/Library/Developer/CommandLineTools/usr/bin/../include/c++/v1/ostream:205:20: note: 
      candidate function not viable: no overload of 'end' matching 'double' for
      1st argument
    basic_ostream& operator<<(double __f);
                   ^
/Library/Developer/CommandLineTools/usr/bin/../include/c++/v1/ostream:206:20: note: 
      candidate function not viable: no overload of 'end' matching 'long double'
      for 1st argument
    basic_ostream& operator<<(long double __f);
                   ^
/Library/Developer/CommandLineTools/usr/bin/../include/c++/v1/ostream:208:20: note: 
      candidate function not viable: no overload of 'end' matching
      'basic_streambuf<char_type, traits_type> *' (aka 'basic_streambuf<char,
      std::__1::char_traits<char> > *') for 1st argument
    basic_ostream& operator<<(basic_streambuf<char_type, traits_type>* __sb);
                   ^
/Library/Developer/CommandLineTools/usr/bin/../include/c++/v1/ostream:778:1: note: 
      candidate function [with _CharT = char, _Traits =
      std::__1::char_traits<char>] not viable: no overload of 'end' matching
      'char' for 2nd argument
operator<<(basic_ostream<_CharT, _Traits>& __os, _CharT __c)
^
/Library/Developer/CommandLineTools/usr/bin/../include/c++/v1/ostream:785:1: note: 
      candidate function [with _CharT = char, _Traits =
      std::__1::char_traits<char>] not viable: no overload of 'end' matching
      'char' for 2nd argument
operator<<(basic_ostream<_CharT, _Traits>& __os, char __cn)
^
/Library/Developer/CommandLineTools/usr/bin/../include/c++/v1/ostream:818:1: note: 
      candidate function [with _Traits = std::__1::char_traits<char>] not
      viable: no overload of 'end' matching 'char' for 2nd argument
operator<<(basic_ostream<char, _Traits>& __os, char __c)
^
/Library/Developer/CommandLineTools/usr/bin/../include/c++/v1/ostream:825:1: note: 
      candidate function [with _Traits = std::__1::char_traits<char>] not
      viable: no overload of 'end' matching 'signed char' for 2nd argument
operator<<(basic_ostream<char, _Traits>& __os, signed char __c)
^
/Library/Developer/CommandLineTools/usr/bin/../include/c++/v1/ostream:832:1: note: 
      candidate function [with _Traits = std::__1::char_traits<char>] not
      viable: no overload of 'end' matching 'unsigned char' for 2nd argument
operator<<(basic_ostream<char, _Traits>& __os, unsigned char __c)
^
/Library/Developer/CommandLineTools/usr/bin/../include/c++/v1/ostream:839:1: note: 
      candidate function [with _CharT = char, _Traits =
      std::__1::char_traits<char>] not viable: no overload of 'end' matching
      'const char *' for 2nd argument
operator<<(basic_ostream<_CharT, _Traits>& __os, const _CharT* __str)
^
/Library/Developer/CommandLineTools/usr/bin/../include/c++/v1/ostream:846:1: note: 
      candidate function [with _CharT = char, _Traits =
      std::__1::char_traits<char>] not viable: no overload of 'end' matching
      'const char *' for 2nd argument
operator<<(basic_ostream<_CharT, _Traits>& __os, const char* __strn)
^
/Library/Developer/CommandLineTools/usr/bin/../include/c++/v1/ostream:892:1: note: 
      candidate function [with _Traits = std::__1::char_traits<char>] not
      viable: no overload of 'end' matching 'const char *' for 2nd argument
operator<<(basic_ostream<char, _Traits>& __os, const char* __str)
^
/Library/Developer/CommandLineTools/usr/bin/../include/c++/v1/ostream:899:1: note: 
      candidate function [with _Traits = std::__1::char_traits<char>] not
      viable: no overload of 'end' matching 'const signed char *' for 2nd
      argument
operator<<(basic_ostream<char, _Traits>& __os, const signed char* __str)
^
/Library/Developer/CommandLineTools/usr/bin/../include/c++/v1/ostream:907:1: note: 
      candidate function [with _Traits = std::__1::char_traits<char>] not
      viable: no overload of 'end' matching 'const unsigned char *' for 2nd
      argument
operator<<(basic_ostream<char, _Traits>& __os, const unsigned char* __str)
^
/Library/Developer/CommandLineTools/usr/bin/../include/c++/v1/ostream:1086:1: note: 
      candidate function [with _CharT = char, _Traits =
      std::__1::char_traits<char>] not viable: no overload of 'end' matching
      'const std::__1::error_code' for 2nd argument
operator<<(basic_ostream<_CharT, _Traits>& __os, const error_code& __ec)
^
/Library/Developer/CommandLineTools/usr/bin/../include/c++/v1/ostream:1077:1: note: 
      candidate template ignored: couldn't infer template argument '_Allocator'
operator<<(basic_ostream<_CharT, _Traits>& __os,
^
/Library/Developer/CommandLineTools/usr/bin/../include/c++/v1/ostream:1094:1: note: 
      candidate template ignored: couldn't infer template argument '_Yp'
operator<<(basic_ostream<_CharT, _Traits>& __os, shared_ptr<_Yp> const& __p)
^
/Library/Developer/CommandLineTools/usr/bin/../include/c++/v1/ostream:1101:1: note: 
      candidate template ignored: couldn't infer template argument '_Size'
operator<<(basic_ostream<_CharT, _Traits>& __os, const bitset<_Size>& __x)
^
5 errors generated.
d-172-25-249-114:lab4 AmberLiu$ clang++ prelab4.cpp
prelab4.cpp:61:8: error: expected ';' after expression
        n += 1
              ^
              ;
prelab4.cpp:62:15: error: reference to overloaded function could not be
      resolved; did you mean to call it?
        cout << n << end ;
                     ^~~
/Library/Developer/CommandLineTools/usr/bin/../include/c++/v1/iterator:1418:1: note: 
      possible target for call
end(_Tp (&__array)[_Np])
^
/Library/Developer/CommandLineTools/usr/bin/../include/c++/v1/iterator:1567:1: note: 
      possible target for call
end(_Cp& __c)
^
/Library/Developer/CommandLineTools/usr/bin/../include/c++/v1/iterator:1575:1: note: 
      possible target for call
end(const _Cp& __c)
^
/Library/Developer/CommandLineTools/usr/bin/../include/c++/v1/ostream:207:20: note: 
      candidate function not viable: no overload of 'end' matching
      'const void *' for 1st argument
    basic_ostream& operator<<(const void* __p);
                   ^
/Library/Developer/CommandLineTools/usr/bin/../include/c++/v1/ostream:191:20: note: 
      candidate function not viable: no overload of 'end' matching
      'std::__1::basic_ostream<char> &(*)(std::__1::basic_ostream<char> &)' for
      1st argument
    basic_ostream& operator<<(basic_ostream& (*__pf)(basic_ostream&));
                   ^
/Library/Developer/CommandLineTools/usr/bin/../include/c++/v1/ostream:192:20: note: 
      candidate function not viable: no overload of 'end' matching
      'basic_ios<char_type, traits_type> &(*)(basic_ios<char_type, traits_type>
      &)' (aka 'basic_ios<char, std::__1::char_traits<char> >
      &(*)(basic_ios<char, std::__1::char_traits<char> > &)') for 1st argument
    basic_ostream& operator<<(basic_ios<char_type, traits_type>&
                   ^
/Library/Developer/CommandLineTools/usr/bin/../include/c++/v1/ostream:194:20: note: 
      candidate function not viable: no overload of 'end' matching
      'std::__1::ios_base &(*)(std::__1::ios_base &)' for 1st argument
    basic_ostream& operator<<(ios_base& (*__pf)(ios_base&));
                   ^
/Library/Developer/CommandLineTools/usr/bin/../include/c++/v1/ostream:195:20: note: 
      candidate function not viable: no overload of 'end' matching 'bool' for
      1st argument
    basic_ostream& operator<<(bool __n);
                   ^
/Library/Developer/CommandLineTools/usr/bin/../include/c++/v1/ostream:196:20: note: 
      candidate function not viable: no overload of 'end' matching 'short' for
      1st argument
    basic_ostream& operator<<(short __n);
                   ^
/Library/Developer/CommandLineTools/usr/bin/../include/c++/v1/ostream:197:20: note: 
      candidate function not viable: no overload of 'end' matching
      'unsigned short' for 1st argument
    basic_ostream& operator<<(unsigned short __n);
                   ^
/Library/Developer/CommandLineTools/usr/bin/../include/c++/v1/ostream:198:20: note: 
      candidate function not viable: no overload of 'end' matching 'int' for 1st
      argument
    basic_ostream& operator<<(int __n);
                   ^
/Library/Developer/CommandLineTools/usr/bin/../include/c++/v1/ostream:199:20: note: 
      candidate function not viable: no overload of 'end' matching
      'unsigned int' for 1st argument
    basic_ostream& operator<<(unsigned int __n);
                   ^
/Library/Developer/CommandLineTools/usr/bin/../include/c++/v1/ostream:200:20: note: 
      candidate function not viable: no overload of 'end' matching 'long' for
      1st argument
    basic_ostream& operator<<(long __n);
                   ^
/Library/Developer/CommandLineTools/usr/bin/../include/c++/v1/ostream:201:20: note: 
      candidate function not viable: no overload of 'end' matching
      'unsigned long' for 1st argument
    basic_ostream& operator<<(unsigned long __n);
                   ^
/Library/Developer/CommandLineTools/usr/bin/../include/c++/v1/ostream:202:20: note: 
      candidate function not viable: no overload of 'end' matching 'long long'
      for 1st argument
    basic_ostream& operator<<(long long __n);
                   ^
/Library/Developer/CommandLineTools/usr/bin/../include/c++/v1/ostream:203:20: note: 
      candidate function not viable: no overload of 'end' matching
      'unsigned long long' for 1st argument
    basic_ostream& operator<<(unsigned long long __n);
                   ^
/Library/Developer/CommandLineTools/usr/bin/../include/c++/v1/ostream:204:20: note: 
      candidate function not viable: no overload of 'end' matching 'float' for
      1st argument
    basic_ostream& operator<<(float __f);
                   ^
/Library/Developer/CommandLineTools/usr/bin/../include/c++/v1/ostream:205:20: note: 
      candidate function not viable: no overload of 'end' matching 'double' for
      1st argument
    basic_ostream& operator<<(double __f);
                   ^
/Library/Developer/CommandLineTools/usr/bin/../include/c++/v1/ostream:206:20: note: 
      candidate function not viable: no overload of 'end' matching 'long double'
      for 1st argument
    basic_ostream& operator<<(long double __f);
                   ^
/Library/Developer/CommandLineTools/usr/bin/../include/c++/v1/ostream:208:20: note: 
      candidate function not viable: no overload of 'end' matching
      'basic_streambuf<char_type, traits_type> *' (aka 'basic_streambuf<char,
      std::__1::char_traits<char> > *') for 1st argument
    basic_ostream& operator<<(basic_streambuf<char_type, traits_type>* __sb);
                   ^
/Library/Developer/CommandLineTools/usr/bin/../include/c++/v1/ostream:778:1: note: 
      candidate function [with _CharT = char, _Traits =
      std::__1::char_traits<char>] not viable: no overload of 'end' matching
      'char' for 2nd argument
operator<<(basic_ostream<_CharT, _Traits>& __os, _CharT __c)
^
/Library/Developer/CommandLineTools/usr/bin/../include/c++/v1/ostream:785:1: note: 
      candidate function [with _CharT = char, _Traits =
      std::__1::char_traits<char>] not viable: no overload of 'end' matching
      'char' for 2nd argument
operator<<(basic_ostream<_CharT, _Traits>& __os, char __cn)
^
/Library/Developer/CommandLineTools/usr/bin/../include/c++/v1/ostream:818:1: note: 
      candidate function [with _Traits = std::__1::char_traits<char>] not
      viable: no overload of 'end' matching 'char' for 2nd argument
operator<<(basic_ostream<char, _Traits>& __os, char __c)
^
/Library/Developer/CommandLineTools/usr/bin/../include/c++/v1/ostream:825:1: note: 
      candidate function [with _Traits = std::__1::char_traits<char>] not
      viable: no overload of 'end' matching 'signed char' for 2nd argument
operator<<(basic_ostream<char, _Traits>& __os, signed char __c)
^
/Library/Developer/CommandLineTools/usr/bin/../include/c++/v1/ostream:832:1: note: 
      candidate function [with _Traits = std::__1::char_traits<char>] not
      viable: no overload of 'end' matching 'unsigned char' for 2nd argument
operator<<(basic_ostream<char, _Traits>& __os, unsigned char __c)
^
/Library/Developer/CommandLineTools/usr/bin/../include/c++/v1/ostream:839:1: note: 
      candidate function [with _CharT = char, _Traits =
      std::__1::char_traits<char>] not viable: no overload of 'end' matching
      'const char *' for 2nd argument
operator<<(basic_ostream<_CharT, _Traits>& __os, const _CharT* __str)
^
/Library/Developer/CommandLineTools/usr/bin/../include/c++/v1/ostream:846:1: note: 
      candidate function [with _CharT = char, _Traits =
      std::__1::char_traits<char>] not viable: no overload of 'end' matching
      'const char *' for 2nd argument
operator<<(basic_ostream<_CharT, _Traits>& __os, const char* __strn)
^
/Library/Developer/CommandLineTools/usr/bin/../include/c++/v1/ostream:892:1: note: 
      candidate function [with _Traits = std::__1::char_traits<char>] not
      viable: no overload of 'end' matching 'const char *' for 2nd argument
operator<<(basic_ostream<char, _Traits>& __os, const char* __str)
^
/Library/Developer/CommandLineTools/usr/bin/../include/c++/v1/ostream:899:1: note: 
      candidate function [with _Traits = std::__1::char_traits<char>] not
      viable: no overload of 'end' matching 'const signed char *' for 2nd
      argument
operator<<(basic_ostream<char, _Traits>& __os, const signed char* __str)
^
/Library/Developer/CommandLineTools/usr/bin/../include/c++/v1/ostream:907:1: note: 
      candidate function [with _Traits = std::__1::char_traits<char>] not
      viable: no overload of 'end' matching 'const unsigned char *' for 2nd
      argument
operator<<(basic_ostream<char, _Traits>& __os, const unsigned char* __str)
^
/Library/Developer/CommandLineTools/usr/bin/../include/c++/v1/ostream:1086:1: note: 
      candidate function [with _CharT = char, _Traits =
      std::__1::char_traits<char>] not viable: no overload of 'end' matching
      'const std::__1::error_code' for 2nd argument
operator<<(basic_ostream<_CharT, _Traits>& __os, const error_code& __ec)
^
/Library/Developer/CommandLineTools/usr/bin/../include/c++/v1/ostream:1077:1: note: 
      candidate template ignored: couldn't infer template argument '_Allocator'
operator<<(basic_ostream<_CharT, _Traits>& __os,
^
/Library/Developer/CommandLineTools/usr/bin/../include/c++/v1/ostream:1094:1: note: 
      candidate template ignored: couldn't infer template argument '_Yp'
operator<<(basic_ostream<_CharT, _Traits>& __os, shared_ptr<_Yp> const& __p)
^
/Library/Developer/CommandLineTools/usr/bin/../include/c++/v1/ostream:1101:1: note: 
      candidate template ignored: couldn't infer template argument '_Size'
operator<<(basic_ostream<_CharT, _Traits>& __os, const bitset<_Size>& __x)
^
2 errors generated.
d-172-25-249-114:lab4 AmberLiu$ clang++ prelab4.cpp
prelab4.cpp:62:15: error: reference to overloaded function could not be
      resolved; did you mean to call it?
        cout << n << end;
                     ^~~
/Library/Developer/CommandLineTools/usr/bin/../include/c++/v1/iterator:1418:1: note: 
      possible target for call
end(_Tp (&__array)[_Np])
^
/Library/Developer/CommandLineTools/usr/bin/../include/c++/v1/iterator:1567:1: note: 
      possible target for call
end(_Cp& __c)
^
/Library/Developer/CommandLineTools/usr/bin/../include/c++/v1/iterator:1575:1: note: 
      possible target for call
end(const _Cp& __c)
^
/Library/Developer/CommandLineTools/usr/bin/../include/c++/v1/ostream:207:20: note: 
      candidate function not viable: no overload of 'end' matching
      'const void *' for 1st argument
    basic_ostream& operator<<(const void* __p);
                   ^
/Library/Developer/CommandLineTools/usr/bin/../include/c++/v1/ostream:191:20: note: 
      candidate function not viable: no overload of 'end' matching
      'std::__1::basic_ostream<char> &(*)(std::__1::basic_ostream<char> &)' for
      1st argument
    basic_ostream& operator<<(basic_ostream& (*__pf)(basic_ostream&));
                   ^
/Library/Developer/CommandLineTools/usr/bin/../include/c++/v1/ostream:192:20: note: 
      candidate function not viable: no overload of 'end' matching
      'basic_ios<char_type, traits_type> &(*)(basic_ios<char_type, traits_type>
      &)' (aka 'basic_ios<char, std::__1::char_traits<char> >
      &(*)(basic_ios<char, std::__1::char_traits<char> > &)') for 1st argument
    basic_ostream& operator<<(basic_ios<char_type, traits_type>&
                   ^
/Library/Developer/CommandLineTools/usr/bin/../include/c++/v1/ostream:194:20: note: 
      candidate function not viable: no overload of 'end' matching
      'std::__1::ios_base &(*)(std::__1::ios_base &)' for 1st argument
    basic_ostream& operator<<(ios_base& (*__pf)(ios_base&));
                   ^
/Library/Developer/CommandLineTools/usr/bin/../include/c++/v1/ostream:195:20: note: 
      candidate function not viable: no overload of 'end' matching 'bool' for
      1st argument
    basic_ostream& operator<<(bool __n);
                   ^
/Library/Developer/CommandLineTools/usr/bin/../include/c++/v1/ostream:196:20: note: 
      candidate function not viable: no overload of 'end' matching 'short' for
      1st argument
    basic_ostream& operator<<(short __n);
                   ^
/Library/Developer/CommandLineTools/usr/bin/../include/c++/v1/ostream:197:20: note: 
      candidate function not viable: no overload of 'end' matching
      'unsigned short' for 1st argument
    basic_ostream& operator<<(unsigned short __n);
                   ^
/Library/Developer/CommandLineTools/usr/bin/../include/c++/v1/ostream:198:20: note: 
      candidate function not viable: no overload of 'end' matching 'int' for 1st
      argument
    basic_ostream& operator<<(int __n);
                   ^
/Library/Developer/CommandLineTools/usr/bin/../include/c++/v1/ostream:199:20: note: 
      candidate function not viable: no overload of 'end' matching
      'unsigned int' for 1st argument
    basic_ostream& operator<<(unsigned int __n);
                   ^
/Library/Developer/CommandLineTools/usr/bin/../include/c++/v1/ostream:200:20: note: 
      candidate function not viable: no overload of 'end' matching 'long' for
      1st argument
    basic_ostream& operator<<(long __n);
                   ^
/Library/Developer/CommandLineTools/usr/bin/../include/c++/v1/ostream:201:20: note: 
      candidate function not viable: no overload of 'end' matching
      'unsigned long' for 1st argument
    basic_ostream& operator<<(unsigned long __n);
                   ^
/Library/Developer/CommandLineTools/usr/bin/../include/c++/v1/ostream:202:20: note: 
      candidate function not viable: no overload of 'end' matching 'long long'
      for 1st argument
    basic_ostream& operator<<(long long __n);
                   ^
/Library/Developer/CommandLineTools/usr/bin/../include/c++/v1/ostream:203:20: note: 
      candidate function not viable: no overload of 'end' matching
      'unsigned long long' for 1st argument
    basic_ostream& operator<<(unsigned long long __n);
                   ^
/Library/Developer/CommandLineTools/usr/bin/../include/c++/v1/ostream:204:20: note: 
      candidate function not viable: no overload of 'end' matching 'float' for
      1st argument
    basic_ostream& operator<<(float __f);
                   ^
/Library/Developer/CommandLineTools/usr/bin/../include/c++/v1/ostream:205:20: note: 
      candidate function not viable: no overload of 'end' matching 'double' for
      1st argument
    basic_ostream& operator<<(double __f);
                   ^
/Library/Developer/CommandLineTools/usr/bin/../include/c++/v1/ostream:206:20: note: 
      candidate function not viable: no overload of 'end' matching 'long double'
      for 1st argument
    basic_ostream& operator<<(long double __f);
                   ^
/Library/Developer/CommandLineTools/usr/bin/../include/c++/v1/ostream:208:20: note: 
      candidate function not viable: no overload of 'end' matching
      'basic_streambuf<char_type, traits_type> *' (aka 'basic_streambuf<char,
      std::__1::char_traits<char> > *') for 1st argument
    basic_ostream& operator<<(basic_streambuf<char_type, traits_type>* __sb);
                   ^
/Library/Developer/CommandLineTools/usr/bin/../include/c++/v1/ostream:778:1: note: 
      candidate function [with _CharT = char, _Traits =
      std::__1::char_traits<char>] not viable: no overload of 'end' matching
      'char' for 2nd argument
operator<<(basic_ostream<_CharT, _Traits>& __os, _CharT __c)
^
/Library/Developer/CommandLineTools/usr/bin/../include/c++/v1/ostream:785:1: note: 
      candidate function [with _CharT = char, _Traits =
      std::__1::char_traits<char>] not viable: no overload of 'end' matching
      'char' for 2nd argument
operator<<(basic_ostream<_CharT, _Traits>& __os, char __cn)
^
/Library/Developer/CommandLineTools/usr/bin/../include/c++/v1/ostream:818:1: note: 
      candidate function [with _Traits = std::__1::char_traits<char>] not
      viable: no overload of 'end' matching 'char' for 2nd argument
operator<<(basic_ostream<char, _Traits>& __os, char __c)
^
/Library/Developer/CommandLineTools/usr/bin/../include/c++/v1/ostream:825:1: note: 
      candidate function [with _Traits = std::__1::char_traits<char>] not
      viable: no overload of 'end' matching 'signed char' for 2nd argument
operator<<(basic_ostream<char, _Traits>& __os, signed char __c)
^
/Library/Developer/CommandLineTools/usr/bin/../include/c++/v1/ostream:832:1: note: 
      candidate function [with _Traits = std::__1::char_traits<char>] not
      viable: no overload of 'end' matching 'unsigned char' for 2nd argument
operator<<(basic_ostream<char, _Traits>& __os, unsigned char __c)
^
/Library/Developer/CommandLineTools/usr/bin/../include/c++/v1/ostream:839:1: note: 
      candidate function [with _CharT = char, _Traits =
      std::__1::char_traits<char>] not viable: no overload of 'end' matching
      'const char *' for 2nd argument
operator<<(basic_ostream<_CharT, _Traits>& __os, const _CharT* __str)
^
/Library/Developer/CommandLineTools/usr/bin/../include/c++/v1/ostream:846:1: note: 
      candidate function [with _CharT = char, _Traits =
      std::__1::char_traits<char>] not viable: no overload of 'end' matching
      'const char *' for 2nd argument
operator<<(basic_ostream<_CharT, _Traits>& __os, const char* __strn)
^
/Library/Developer/CommandLineTools/usr/bin/../include/c++/v1/ostream:892:1: note: 
      candidate function [with _Traits = std::__1::char_traits<char>] not
      viable: no overload of 'end' matching 'const char *' for 2nd argument
operator<<(basic_ostream<char, _Traits>& __os, const char* __str)
^
/Library/Developer/CommandLineTools/usr/bin/../include/c++/v1/ostream:899:1: note: 
      candidate function [with _Traits = std::__1::char_traits<char>] not
      viable: no overload of 'end' matching 'const signed char *' for 2nd
      argument
operator<<(basic_ostream<char, _Traits>& __os, const signed char* __str)
^
/Library/Developer/CommandLineTools/usr/bin/../include/c++/v1/ostream:907:1: note: 
      candidate function [with _Traits = std::__1::char_traits<char>] not
      viable: no overload of 'end' matching 'const unsigned char *' for 2nd
      argument
operator<<(basic_ostream<char, _Traits>& __os, const unsigned char* __str)
^
/Library/Developer/CommandLineTools/usr/bin/../include/c++/v1/ostream:1086:1: note: 
      candidate function [with _CharT = char, _Traits =
      std::__1::char_traits<char>] not viable: no overload of 'end' matching
      'const std::__1::error_code' for 2nd argument
operator<<(basic_ostream<_CharT, _Traits>& __os, const error_code& __ec)
^
/Library/Developer/CommandLineTools/usr/bin/../include/c++/v1/ostream:1077:1: note: 
      candidate template ignored: couldn't infer template argument '_Allocator'
operator<<(basic_ostream<_CharT, _Traits>& __os,
^
/Library/Developer/CommandLineTools/usr/bin/../include/c++/v1/ostream:1094:1: note: 
      candidate template ignored: couldn't infer template argument '_Yp'
operator<<(basic_ostream<_CharT, _Traits>& __os, shared_ptr<_Yp> const& __p)
^
/Library/Developer/CommandLineTools/usr/bin/../include/c++/v1/ostream:1101:1: note: 
      candidate template ignored: couldn't infer template argument '_Size'
operator<<(basic_ostream<_CharT, _Traits>& __os, const bitset<_Size>& __x)
^
1 error generated.
d-172-25-249-114:lab4 AmberLiu$ clang++ prelab4.cpp
d-172-25-249-114:lab4 AmberLiu$ ./a.out
6
d-172-25-249-114:lab4 AmberLiu$ clang++ prelab4.cpp
prelab4.cpp:59:2: warning: array index 7 is past the end of the array (which
      contains 4 elements) [-Warray-bounds]
        arr[0][7] = 7 ;
        ^      ~
prelab4.cpp:58:2: note: array 'arr' declared here
        int arr[3][4] = {0};
        ^
prelab4.cpp:61:2: warning: array index 5 is past the end of the array (which
      contains 4 elements) [-Warray-bounds]
        arr[1][5] = 6 ;
        ^      ~
prelab4.cpp:58:2: note: array 'arr' declared here
        int arr[3][4] = {0};
        ^
2 warnings generated.
d-172-25-249-114:lab4 AmberLiu$ ./a.out
7406
d-172-25-249-114:lab4 AmberLiu$ clang++ prelab4.cpp
d-172-25-249-114:lab4 AmberLiu$ ./a.out
d-172-25-249-114:lab4 AmberLiu$ clang++ prelab4.cpp
prelab4.cpp:59:2: warning: array index 7 is past the end of the array (which
      contains 3 elements) [-Warray-bounds]
        IntArray[7] = 3;
        ^        ~
prelab4.cpp:58:2: note: array 'IntArray' declared here
        int IntArray[3];
        ^
1 warning generated.
d-172-25-249-114:lab4 AmberLiu$ ./a.out
Segmentation fault: 11
d-172-25-249-114:lab4 AmberLiu$ ls
a.out			lab4			radixWorksheet.pdf
bitCounter.cpp		lab4.dSYM
inlab4.cpp		prelab4.cpp
d-172-25-249-114:lab4 AmberLiu$ cd
d-172-25-249-114:~ AmberLiu$ ls
Applications		Downloads		Public
Box			GitHub			eclipse
CS2150			Library			pdr
Creative Cloud Files	Movies			skyview
Desktop			Music			wekafiles
Documents		Pictures
d-172-25-249-114:~ AmberLiu$ cd GitHub
d-172-25-249-114:GitHub AmberLiu$ ls
Source			reamber.github.io	tutorial-attempt
d-172-25-249-114:GitHub AmberLiu$ cd Source
d-172-25-249-114:Source AmberLiu$ ls
README.md	week1		week12		week4		week7
kickoff		week10		week2		week5		week8
md		week11		week3		week6		week9
d-172-25-249-114:Source AmberLiu$ cd week2
d-172-25-249-114:week2 AmberLiu$ ls
exercise	week2.txt
d-172-25-249-114:week2 AmberLiu$ cd exercise
d-172-25-249-114:exercise AmberLiu$ ls
convertObjects.js	fizzbuzz.js
createPerson.js		sumArray.js
d-172-25-249-114:exercise AmberLiu$ node createPerson.js
name: Taylor
age: 20
/Users/AmberLiu/GitHub/Source/week2/exercise/createPerson.js:5
  console.log("school: "+  UVA);
                           ^

ReferenceError: UVA is not defined
    at createPerson (/Users/AmberLiu/GitHub/Source/week2/exercise/createPerson.js:5:28)
    at Object.<anonymous> (/Users/AmberLiu/GitHub/Source/week2/exercise/createPerson.js:9:18)
    at Module._compile (internal/modules/cjs/loader.js:689:30)
    at Object.Module._extensions..js (internal/modules/cjs/loader.js:700:10)
    at Module.load (internal/modules/cjs/loader.js:599:32)
    at tryModuleLoad (internal/modules/cjs/loader.js:538:12)
    at Function.Module._load (internal/modules/cjs/loader.js:530:3)
    at Function.Module.runMain (internal/modules/cjs/loader.js:742:12)
    at startup (internal/bootstrap/node.js:279:19)
    at bootstrapNodeJSCore (internal/bootstrap/node.js:696:3)
d-172-25-249-114:exercise AmberLiu$ node createPerson.js
name: Taylor
age: 20
school: UVA
undefined
d-172-25-249-114:exercise AmberLiu$ node createPerson.js
name: Taylor
age: 20
school: UVA
undefined
d-172-25-249-114:exercise AmberLiu$ node createPerson.js
undefined
d-172-25-249-114:exercise AmberLiu$ node createPerson.js
undefined
d-172-25-249-114:exercise AmberLiu$ node createPerson.js
undefined
d-172-25-249-114:exercise AmberLiu$ node createPerson.js
undefined
d-172-25-249-114:exercise AmberLiu$ node createPerson.js
undefined
d-172-25-249-114:exercise AmberLiu$ node createPerson.js
undefined
d-172-25-249-114:exercise AmberLiu$ node createPerson.js
/Users/AmberLiu/GitHub/Source/week2/exercise/createPerson.js:4
    "name: "+ name;
            ^

SyntaxError: Unexpected token +
    at new Script (vm.js:79:7)
    at createScript (vm.js:251:10)
    at Object.runInThisContext (vm.js:303:10)
    at Module._compile (internal/modules/cjs/loader.js:657:28)
    at Object.Module._extensions..js (internal/modules/cjs/loader.js:700:10)
    at Module.load (internal/modules/cjs/loader.js:599:32)
    at tryModuleLoad (internal/modules/cjs/loader.js:538:12)
    at Function.Module._load (internal/modules/cjs/loader.js:530:3)
    at Function.Module.runMain (internal/modules/cjs/loader.js:742:12)
    at startup (internal/bootstrap/node.js:279:19)
d-172-25-249-114:exercise AmberLiu$ node createPerson.js
{ x: 'name: Taylor', y: 'age: 20', z: 'school: UVA' }
d-172-25-249-114:exercise AmberLiu$ node createPerson.js
{ x: 'name: Taylor', y: 'age: 20', z: 'school: UVA' }
d-172-25-249-114:exercise AmberLiu$ node createPerson.js
{ x: 'name: Taylor', y: 'age: 20', z: 'school: UVA' }
d-172-25-249-114:exercise AmberLiu$ node createPerson.js
/Users/AmberLiu/GitHub/Source/week2/exercise/createPerson.js:8
  return person;
  ^

ReferenceError: person is not defined
    at createPerson (/Users/AmberLiu/GitHub/Source/week2/exercise/createPerson.js:8:3)
    at Object.<anonymous> (/Users/AmberLiu/GitHub/Source/week2/exercise/createPerson.js:12:18)
    at Module._compile (internal/modules/cjs/loader.js:689:30)
    at Object.Module._extensions..js (internal/modules/cjs/loader.js:700:10)
    at Module.load (internal/modules/cjs/loader.js:599:32)
    at tryModuleLoad (internal/modules/cjs/loader.js:538:12)
    at Function.Module._load (internal/modules/cjs/loader.js:530:3)
    at Function.Module.runMain (internal/modules/cjs/loader.js:742:12)
    at startup (internal/bootstrap/node.js:279:19)
    at bootstrapNodeJSCore (internal/bootstrap/node.js:696:3)
d-172-25-249-114:exercise AmberLiu$ node createPerson.js
{ name: NaN, age: 20, school: 'UVA' }
d-172-25-249-114:exercise AmberLiu$ node createPerson.js
{ name: 'Taylor', age: 20, school: 'UVA' }
d-172-25-249-114:exercise AmberLiu$ node convertObjects.js
[ { name: 'Michael', age: 21, isLegal: true },
  { name: 'Taylor', age: 19, isLegal: false } ]
[ { name: 'Michael', age: 21 }, { name: 'Taylor', age: 19 } ]
d-172-25-249-114:exercise AmberLiu$ cd
d-172-25-249-114:~ AmberLiu$ ls
Applications		Downloads		Public
Box			GitHub			eclipse
CS2150			Library			pdr
Creative Cloud Files	Movies			skyview
Desktop			Music			wekafiles
Documents		Pictures
d-172-25-249-114:~ AmberLiu$ cd CS2150
d-172-25-249-114:CS2150 AmberLiu$ ls
a.out	lab1	lab2	lab3	lab4	lab5
d-172-25-249-114:CS2150 AmberLiu$ cd lab5
d-172-25-249-114:lab5 AmberLiu$ ls
TreeCalc.cpp		TreeNode.cpp		pizza.zip
TreeCalc.h		TreeNode.h
TreeCalcTest.cpp	pizza
d-172-25-249-114:lab5 AmberLiu$ cd pizza
d-172-25-249-114:pizza AmberLiu$ make
clang++  -c pizza.cpp
clang++  -c pizzadough.cpp
clang++  -c tomatosauce.cpp
clang++  -c toppings.cpp
clang++  -c mushrooms.cpp
clang++  -c peppers.cpp
clang++  -c cheese.cpp
clang++  -c pepperoni.cpp
clang++  -Wall -g pizza.o pizzadough.o tomatosauce.o toppings.o mushrooms.o peppers.o cheese.o pepperoni.o -o pizza
Pizza is Hot and Ready!
d-172-25-249-114:pizza AmberLiu$ make
make: `pizza' is up to date.
d-172-25-249-114:pizza AmberLiu$ make
clang++  -c toppings.cpp
clang++  -c peppers.cpp
clang++  -Wall -g pizza.o pizzadough.o tomatosauce.o toppings.o mushrooms.o peppers.o cheese.o pepperoni.o -o pizza
Pizza is Hot and Ready!
d-172-25-249-114:pizza AmberLiu$ make -f Makefile-pizza
make: Makefile-pizza: No such file or directory
make: *** No rule to make target `Makefile-pizza'.  Stop.
d-172-25-249-114:pizza AmberLiu$ make
make: `pizza' is up to date.
d-172-25-249-114:pizza AmberLiu$ clang++ -MM *.cpp
cheese.o: cheese.cpp cheese.h
mushrooms.o: mushrooms.cpp mushrooms.h
pepperoni.o: pepperoni.cpp pepperoni.h
peppers.o: peppers.cpp peppers.h
pizza.o: pizza.cpp pizzadough.h tomatosauce.h toppings.h cheese.h \
  mushrooms.h peppers.h pepperoni.h
pizzadough.o: pizzadough.cpp pizzadough.h
tomatosauce.o: tomatosauce.cpp tomatosauce.h
toppings.o: toppings.cpp toppings.h cheese.h mushrooms.h peppers.h \
  pepperoni.h
d-172-25-249-114:pizza AmberLiu$ make -f Makefile-pizza
make: Makefile-pizza: No such file or directory
make: *** No rule to make target `Makefile-pizza'.  Stop.
d-172-25-249-114:pizza AmberLiu$ make -f Makefile-pizza clean
Makefile-pizza:14: *** missing separator (did you mean TAB instead of 8 spaces?).  Stop.
d-172-25-249-114:pizza AmberLiu$ make clean
make: *** No rule to make target `clean'.  Stop.
d-172-25-249-114:pizza AmberLiu$ make
make: *** No targets specified and no makefile found.  Stop.
d-172-25-249-114:pizza AmberLiu$ clang++ -MM
clang: error: no input files
d-172-25-249-114:pizza AmberLiu$ clang++ -MM *.cpp
cheese.o: cheese.cpp cheese.h
mushrooms.o: mushrooms.cpp mushrooms.h
pepperoni.o: pepperoni.cpp pepperoni.h
peppers.o: peppers.cpp peppers.h
pizza.o: pizza.cpp pizzadough.h tomatosauce.h toppings.h cheese.h \
  mushrooms.h peppers.h pepperoni.h
pizzadough.o: pizzadough.cpp pizzadough.h
tomatosauce.o: tomatosauce.cpp tomatosauce.h
toppings.o: toppings.cpp toppings.h cheese.h mushrooms.h peppers.h \
  pepperoni.h
d-172-25-249-114:pizza AmberLiu$ make
make: *** No targets specified and no makefile found.  Stop.
d-172-25-249-114:pizza AmberLiu$ make clean
make: *** No rule to make target `clean'.  Stop.
d-172-25-249-114:pizza AmberLiu$ clang++ -MM *.cpp
cheese.o: cheese.cpp cheese.h
mushrooms.o: mushrooms.cpp mushrooms.h
pepperoni.o: pepperoni.cpp pepperoni.h
peppers.o: peppers.cpp peppers.h
pizza.o: pizza.cpp pizzadough.h tomatosauce.h toppings.h cheese.h \
  mushrooms.h peppers.h pepperoni.h
pizzadough.o: pizzadough.cpp pizzadough.h
tomatosauce.o: tomatosauce.cpp tomatosauce.h
toppings.o: toppings.cpp toppings.h cheese.h mushrooms.h peppers.h \
  pepperoni.h
d-172-25-249-114:pizza AmberLiu$ make Makefile-pizza
make: Nothing to be done for `Makefile-pizza'.
d-172-25-249-114:pizza AmberLiu$ make clean Makefile-pizza
make: *** No rule to make target `clean'.  Stop.
d-172-25-249-114:pizza AmberLiu$ make -f Makefile-pizza
Makefile-pizza:14: *** missing separator (did you mean TAB instead of 8 spaces?).  Stop.
d-172-25-249-114:pizza AmberLiu$ make -Wall -02
/Library/Developer/CommandLineTools/usr/bin/make: invalid option -- 0
/Library/Developer/CommandLineTools/usr/bin/make: invalid option -- 2
Usage: make [options] [target] ...
Options:
  -b, -m                      Ignored for compatibility.
  -B, --always-make           Unconditionally make all targets.
  -C DIRECTORY, --directory=DIRECTORY
                              Change to DIRECTORY before doing anything.
  -d                          Print lots of debugging information.
  --debug[=FLAGS]             Print various types of debugging information.
  -e, --environment-overrides
                              Environment variables override makefiles.
  -f FILE, --file=FILE, --makefile=FILE
                              Read FILE as a makefile.
  -h, --help                  Print this message and exit.
  -i, --ignore-errors         Ignore errors from commands.
  -I DIRECTORY, --include-dir=DIRECTORY
                              Search DIRECTORY for included makefiles.
  -j [N], --jobs[=N]          Allow N jobs at once; infinite jobs with no arg.
  -k, --keep-going            Keep going when some targets can't be made.
  -l [N], --load-average[=N], --max-load[=N]
                              Don't start multiple jobs unless load is below N.
  -L, --check-symlink-times   Use the latest mtime between symlinks and target.
  -n, --just-print, --dry-run, --recon
                              Don't actually run any commands; just print them.
  -o FILE, --old-file=FILE, --assume-old=FILE
                              Consider FILE to be very old and don't remake it.
  -p, --print-data-base       Print make's internal database.
  -q, --question              Run no commands; exit status says if up to date.
  -r, --no-builtin-rules      Disable the built-in implicit rules.
  -R, --no-builtin-variables  Disable the built-in variable settings.
  -s, --silent, --quiet       Don't echo commands.
  -S, --no-keep-going, --stop
                              Turns off -k.
  -t, --touch                 Touch targets instead of remaking them.
  -v, --version               Print the version number of make and exit.
  -w, --print-directory       Print the current directory.
  --no-print-directory        Turn off -w, even if it was turned on implicitly.
  -W FILE, --what-if=FILE, --new-file=FILE, --assume-new=FILE
                              Consider FILE to be infinitely new.
  --warn-undefined-variables  Warn when an undefined variable is referenced.
  -N OPTION, --NeXT-option=OPTION
                              Turn on value of NeXT OPTION.

This program built for i386-apple-darwin11.3.0
Report bugs to <bug-make@gnu.org>
d-172-25-249-114:pizza AmberLiu$ make -f Makefile-pizza
make: Makefile-pizza: No such file or directory
make: *** No rule to make target `Makefile-pizza'.  Stop.
d-172-25-249-114:pizza AmberLiu$ make -f Makefile
Makefile:14: *** missing separator (did you mean TAB instead of 8 spaces?).  Stop.
d-172-25-249-114:pizza AmberLiu$ make
Makefile:14: *** missing separator (did you mean TAB instead of 8 spaces?).  Stop.
d-172-25-249-114:pizza AmberLiu$ make -f Makefile-pizza
make: Makefile-pizza: No such file or directory
make: *** No rule to make target `Makefile-pizza'.  Stop.
d-172-25-249-114:pizza AmberLiu$ make
Makefile:14: *** missing separator (did you mean TAB instead of 8 spaces?).  Stop.
d-172-25-249-114:pizza AmberLiu$ make Makefile-pizza
Makefile:14: *** missing separator (did you mean TAB instead of 8 spaces?).  Stop.
d-172-25-249-114:pizza AmberLiu$ make clean
Makefile:14: *** missing separator (did you mean TAB instead of 8 spaces?).  Stop.
d-172-25-249-114:pizza AmberLiu$ make clean
Makefile:14: *** missing separator (did you mean TAB instead of 8 spaces?).  Stop.
d-172-25-249-114:pizza AmberLiu$ exit
logout
Saving session...
...copying shared history...
...saving history...truncating history files...
...completed.
Deleting expired sessions...30 completed.

[Process completed]

